No matching processes were found
bash: line 3: kill: (9637) - No such process
/Users/macos/Documents/pycon-repo4/pycon/ai_code_golf/json_traverser/../scripts/keystrokes.log
/Users/macos/Documents/pycon-repo4/pycon/ai_code_golf/json_traverser/run.sh: line 58: pytest: command not found
All 0 tests passed!
Keystrokes: 19
cp: /Users/macos/Documents/pycon-repo4/pycon/ai_code_golf/json_traverser/../bckp/*: No such file or directory
No matching processes were found
/Users/macos/Documents/pycon-repo4/pycon/ai_code_golf/json_traverser/../scripts/keystrokes.log
============================= test session starts ==============================
platform darwin -- Python 3.11.10, pytest-8.3.3, pluggy-1.5.0
rootdir: /Users/macos/Documents/pycon-repo4
collected 6 items
pycon/ai_code_golf/json_traverser/tests.py FFFFFF                        [100%]
=================================== FAILURES ===================================
__________________ test_json_traversal[json_obj0-a[2].b[1]-4] __________________
pycon/ai_code_golf/json_traverser/tests.py:61: in test_json_traversal
    assert output == expected, f"Expected {expected}, but got {output}"
E   AssertionError: Expected 4, but got None
E   assert None == 4
_______________ test_json_traversal[json_obj1-a\\.b.'c[d]'-100] ________________
pycon/ai_code_golf/json_traverser/tests.py:61: in test_json_traversal
    assert output == expected, f"Expected {expected}, but got {output}"
E   AssertionError: Expected 100, but got None
E   assert None == 100
_____________ test_json_traversal[json_obj2-a.'b.c'.'d[e]'[-1]-30] _____________
pycon/ai_code_golf/json_traverser/tests.py:61: in test_json_traversal
    assert output == expected, f"Expected {expected}, but got {output}"
E   AssertionError: Expected 30, but got None
E   assert None == 30
_____________ test_json_traversal[json_obj3-x[1].y1[0].z[-1]-400] ______________
pycon/ai_code_golf/json_traverser/tests.py:61: in test_json_traversal
    assert output == expected, f"Expected {expected}, but got {output}"
E   AssertionError: Expected 400, but got None
E   assert None == 400
_________ test_json_traversal[json_obj4-'a[b]'.'c.d'.'e[f]'.key-value] _________
pycon/ai_code_golf/json_traverser/tests.py:61: in test_json_traversal
    assert output == expected, f"Expected {expected}, but got {output}"
E   AssertionError: Expected value, but got None
E   assert None == 'value'
_ test_json_traversal[json_obj5-level1.'level\\.2'.'level[3]'.'complex\\.key[4]'.'nested\\.key[5]'-deep_value] _
pycon/ai_code_golf/json_traverser/tests.py:61: in test_json_traversal
    assert output == expected, f"Expected {expected}, but got {output}"
E   AssertionError: Expected deep_value, but got None
E   assert None == 'deep_value'
=========================== short test summary info ============================
FAILED pycon/ai_code_golf/json_traverser/tests.py::test_json_traversal[json_obj0-a[2].b[1]-4]
FAILED pycon/ai_code_golf/json_traverser/tests.py::test_json_traversal[json_obj1-a\\.b.'c[d]'-100]
FAILED pycon/ai_code_golf/json_traverser/tests.py::test_json_traversal[json_obj2-a.'b.c'.'d[e]'[-1]-30]
FAILED pycon/ai_code_golf/json_traverser/tests.py::test_json_traversal[json_obj3-x[1].y1[0].z[-1]-400]
FAILED pycon/ai_code_golf/json_traverser/tests.py::test_json_traversal[json_obj4-'a[b]'.'c.d'.'e[f]'.key-value]
FAILED pycon/ai_code_golf/json_traverser/tests.py::test_json_traversal[json_obj5-level1.'level\\.2'.'level[3]'.'complex\\.key[4]'.'nested\\.key[5]'-deep_value]
============================== 6 failed in 0.06s ===============================
6 tests failed.
Keystrokes: 0
cp: /Users/macos/Documents/pycon-repo4/pycon/ai_code_golf/json_traverser/../bckp/*: No such file or directory
No matching processes were found
bash: line 3: kill: (10169) - No such process
/Users/macos/Documents/pycon-repo4/pycon/ai_code_golf/json_traverser/../scripts/keystrokes.log
============================= test session starts ==============================
platform darwin -- Python 3.11.10, pytest-8.3.3, pluggy-1.5.0
rootdir: /Users/macos/Documents/pycon-repo4
collected 6 items
pycon/ai_code_golf/json_traverser/tests.py FFFFFF                        [100%]
=================================== FAILURES ===================================
__________________ test_json_traversal[json_obj0-a[2].b[1]-4] __________________
pycon/ai_code_golf/json_traverser/tests.py:61: in test_json_traversal
    assert output == expected, f"Expected {expected}, but got {output}"
E   AssertionError: Expected 4, but got None
E   assert None == 4
_______________ test_json_traversal[json_obj1-a\\.b.'c[d]'-100] ________________
pycon/ai_code_golf/json_traverser/tests.py:61: in test_json_traversal
    assert output == expected, f"Expected {expected}, but got {output}"
E   AssertionError: Expected 100, but got None
E   assert None == 100
_____________ test_json_traversal[json_obj2-a.'b.c'.'d[e]'[-1]-30] _____________
pycon/ai_code_golf/json_traverser/tests.py:61: in test_json_traversal
    assert output == expected, f"Expected {expected}, but got {output}"
E   AssertionError: Expected 30, but got None
E   assert None == 30
_____________ test_json_traversal[json_obj3-x[1].y1[0].z[-1]-400] ______________
pycon/ai_code_golf/json_traverser/tests.py:61: in test_json_traversal
    assert output == expected, f"Expected {expected}, but got {output}"
E   AssertionError: Expected 400, but got None
E   assert None == 400
_________ test_json_traversal[json_obj4-'a[b]'.'c.d'.'e[f]'.key-value] _________
pycon/ai_code_golf/json_traverser/tests.py:61: in test_json_traversal
    assert output == expected, f"Expected {expected}, but got {output}"
E   AssertionError: Expected value, but got None
E   assert None == 'value'
_ test_json_traversal[json_obj5-level1.'level\\.2'.'level[3]'.'complex\\.key[4]'.'nested\\.key[5]'-deep_value] _
pycon/ai_code_golf/json_traverser/tests.py:61: in test_json_traversal
    assert output == expected, f"Expected {expected}, but got {output}"
E   AssertionError: Expected deep_value, but got None
E   assert None == 'deep_value'
=========================== short test summary info ============================
FAILED pycon/ai_code_golf/json_traverser/tests.py::test_json_traversal[json_obj0-a[2].b[1]-4]
FAILED pycon/ai_code_golf/json_traverser/tests.py::test_json_traversal[json_obj1-a\\.b.'c[d]'-100]
FAILED pycon/ai_code_golf/json_traverser/tests.py::test_json_traversal[json_obj2-a.'b.c'.'d[e]'[-1]-30]
FAILED pycon/ai_code_golf/json_traverser/tests.py::test_json_traversal[json_obj3-x[1].y1[0].z[-1]-400]
FAILED pycon/ai_code_golf/json_traverser/tests.py::test_json_traversal[json_obj4-'a[b]'.'c.d'.'e[f]'.key-value]
FAILED pycon/ai_code_golf/json_traverser/tests.py::test_json_traversal[json_obj5-level1.'level\\.2'.'level[3]'.'complex\\.key[4]'.'nested\\.key[5]'-deep_value]
============================== 6 failed in 0.05s ===============================
6 tests failed.
Keystrokes: 0
cp: /Users/macos/Documents/pycon-repo4/pycon/ai_code_golf/json_traverser/../bckp/*: No such file or directory
No matching processes were found
/Users/macos/Documents/pycon-repo4/pycon/ai_code_golf/json_traverser/../scripts/keystrokes.log
============================= test session starts ==============================
platform darwin -- Python 3.11.10, pytest-8.3.3, pluggy-1.5.0
rootdir: /Users/macos/Documents/pycon-repo4
collected 6 items
pycon/ai_code_golf/json_traverser/tests.py FFFFFF                        [100%]
=================================== FAILURES ===================================
__________________ test_json_traversal[json_obj0-a[2].b[1]-4] __________________
pycon/ai_code_golf/json_traverser/tests.py:61: in test_json_traversal
    assert output == expected, f"Expected {expected}, but got {output}"
E   AssertionError: Expected 4, but got None
E   assert None == 4
_______________ test_json_traversal[json_obj1-a\\.b.'c[d]'-100] ________________
pycon/ai_code_golf/json_traverser/tests.py:61: in test_json_traversal
    assert output == expected, f"Expected {expected}, but got {output}"
E   AssertionError: Expected 100, but got None
E   assert None == 100
_____________ test_json_traversal[json_obj2-a.'b.c'.'d[e]'[-1]-30] _____________
pycon/ai_code_golf/json_traverser/tests.py:61: in test_json_traversal
    assert output == expected, f"Expected {expected}, but got {output}"
E   AssertionError: Expected 30, but got None
E   assert None == 30
_____________ test_json_traversal[json_obj3-x[1].y1[0].z[-1]-400] ______________
pycon/ai_code_golf/json_traverser/tests.py:61: in test_json_traversal
    assert output == expected, f"Expected {expected}, but got {output}"
E   AssertionError: Expected 400, but got None
E   assert None == 400
_________ test_json_traversal[json_obj4-'a[b]'.'c.d'.'e[f]'.key-value] _________
pycon/ai_code_golf/json_traverser/tests.py:61: in test_json_traversal
    assert output == expected, f"Expected {expected}, but got {output}"
E   AssertionError: Expected value, but got None
E   assert None == 'value'
_ test_json_traversal[json_obj5-level1.'level\\.2'.'level[3]'.'complex\\.key[4]'.'nested\\.key[5]'-deep_value] _
pycon/ai_code_golf/json_traverser/tests.py:61: in test_json_traversal
    assert output == expected, f"Expected {expected}, but got {output}"
E   AssertionError: Expected deep_value, but got None
E   assert None == 'deep_value'
=========================== short test summary info ============================
FAILED pycon/ai_code_golf/json_traverser/tests.py::test_json_traversal[json_obj0-a[2].b[1]-4]
FAILED pycon/ai_code_golf/json_traverser/tests.py::test_json_traversal[json_obj1-a\\.b.'c[d]'-100]
FAILED pycon/ai_code_golf/json_traverser/tests.py::test_json_traversal[json_obj2-a.'b.c'.'d[e]'[-1]-30]
FAILED pycon/ai_code_golf/json_traverser/tests.py::test_json_traversal[json_obj3-x[1].y1[0].z[-1]-400]
FAILED pycon/ai_code_golf/json_traverser/tests.py::test_json_traversal[json_obj4-'a[b]'.'c.d'.'e[f]'.key-value]
FAILED pycon/ai_code_golf/json_traverser/tests.py::test_json_traversal[json_obj5-level1.'level\\.2'.'level[3]'.'complex\\.key[4]'.'nested\\.key[5]'-deep_value]
============================== 6 failed in 0.04s ===============================
6 tests failed.
Keystrokes: 19
cp: /Users/macos/Documents/pycon-repo4/pycon/ai_code_golf/json_traverser/../bckp/*: No such file or directory
